{"t":{"$date":"2021-08-08T16:43:50.448-05:00"},"s":"I",  "c":"CONTROL",  "id":23285,   "ctx":"-","msg":"Automatically disabling TLS 1.0, to force-enable TLS 1.0 specify --sslDisabledProtocols 'none'"}
{"t":{"$date":"2021-08-08T16:43:50.492-05:00"},"s":"I",  "c":"NETWORK",  "id":4915701, "ctx":"main","msg":"Initialized wire specification","attr":{"spec":{"incomingExternalClient":{"minWireVersion":0,"maxWireVersion":13},"incomingInternalClient":{"minWireVersion":0,"maxWireVersion":13},"outgoing":{"minWireVersion":0,"maxWireVersion":13},"isInternalClient":true}}}
{"t":{"$date":"2021-08-08T16:43:50.492-05:00"},"s":"W",  "c":"ASIO",     "id":22601,   "ctx":"main","msg":"No TransportLayer configured during NetworkInterface startup"}
{"t":{"$date":"2021-08-08T16:43:50.493-05:00"},"s":"I",  "c":"NETWORK",  "id":4648602, "ctx":"main","msg":"Implicit TCP FastOpen in use."}
{"t":{"$date":"2021-08-08T16:43:50.494-05:00"},"s":"W",  "c":"ASIO",     "id":22601,   "ctx":"main","msg":"No TransportLayer configured during NetworkInterface startup"}
{"t":{"$date":"2021-08-08T16:43:50.495-05:00"},"s":"I",  "c":"REPL",     "id":5123008, "ctx":"main","msg":"Successfully registered PrimaryOnlyService","attr":{"service":"TenantMigrationDonorService","ns":"config.tenantMigrationDonors"}}
{"t":{"$date":"2021-08-08T16:43:50.495-05:00"},"s":"I",  "c":"REPL",     "id":5123008, "ctx":"main","msg":"Successfully registered PrimaryOnlyService","attr":{"service":"TenantMigrationRecipientService","ns":"config.tenantMigrationRecipients"}}
{"t":{"$date":"2021-08-08T16:43:50.495-05:00"},"s":"I",  "c":"CONTROL",  "id":4615611, "ctx":"initandlisten","msg":"MongoDB starting","attr":{"pid":18044,"port":27017,"dbPath":"mongo/astrondb","architecture":"64-bit","host":"RC-0008"}}
{"t":{"$date":"2021-08-08T16:43:50.495-05:00"},"s":"I",  "c":"CONTROL",  "id":23398,   "ctx":"initandlisten","msg":"Target operating system minimum version","attr":{"targetMinOS":"Windows 7/Windows Server 2008 R2"}}
{"t":{"$date":"2021-08-08T16:43:50.495-05:00"},"s":"I",  "c":"CONTROL",  "id":23403,   "ctx":"initandlisten","msg":"Build Info","attr":{"buildInfo":{"version":"5.0.0","gitVersion":"1184f004a99660de6f5e745573419bda8a28c0e9","modules":[],"allocator":"tcmalloc","environment":{"distmod":"windows","distarch":"x86_64","target_arch":"x86_64"}}}}
{"t":{"$date":"2021-08-08T16:43:50.495-05:00"},"s":"I",  "c":"CONTROL",  "id":51765,   "ctx":"initandlisten","msg":"Operating System","attr":{"os":{"name":"Microsoft Windows 10","version":"10.0 (build 19042)"}}}
{"t":{"$date":"2021-08-08T16:43:50.495-05:00"},"s":"I",  "c":"CONTROL",  "id":21951,   "ctx":"initandlisten","msg":"Options set by command line","attr":{"options":{"storage":{"dbPath":"mongo\\astrondb","engine":"wiredTiger"},"systemLog":{"destination":"file","path":"mongo\\logs\\mongodb.log"}}}}
{"t":{"$date":"2021-08-08T16:43:50.496-05:00"},"s":"I",  "c":"STORAGE",  "id":22315,   "ctx":"initandlisten","msg":"Opening WiredTiger","attr":{"config":"create,cache_size=7649M,session_max=33000,eviction=(threads_min=4,threads_max=4),config_base=false,statistics=(fast),log=(enabled=true,archive=true,path=journal,compressor=snappy),builtin_extension_config=(zstd=(compression_level=6)),file_manager=(close_idle_time=600,close_scan_interval=10,close_handle_minimum=250),statistics_log=(wait=0),verbose=[recovery_progress,checkpoint_progress,compact_progress],"}}
{"t":{"$date":"2021-08-08T16:43:50.517-05:00"},"s":"I",  "c":"STORAGE",  "id":22430,   "ctx":"initandlisten","msg":"WiredTiger message","attr":{"message":"[1628459030:516761][18044:140715434071376], txn-recover: [WT_VERB_RECOVERY_PROGRESS] Recovering log 1 through 2"}}
{"t":{"$date":"2021-08-08T16:43:50.558-05:00"},"s":"I",  "c":"STORAGE",  "id":22430,   "ctx":"initandlisten","msg":"WiredTiger message","attr":{"message":"[1628459030:557770][18044:140715434071376], txn-recover: [WT_VERB_RECOVERY_PROGRESS] Recovering log 2 through 2"}}
{"t":{"$date":"2021-08-08T16:43:50.598-05:00"},"s":"I",  "c":"STORAGE",  "id":22430,   "ctx":"initandlisten","msg":"WiredTiger message","attr":{"message":"[1628459030:597779][18044:140715434071376], txn-recover: [WT_VERB_RECOVERY | WT_VERB_RECOVERY_PROGRESS] Main recovery loop: starting at 1/21504 to 2/256"}}
{"t":{"$date":"2021-08-08T16:43:50.658-05:00"},"s":"I",  "c":"STORAGE",  "id":22430,   "ctx":"initandlisten","msg":"WiredTiger message","attr":{"message":"[1628459030:657792][18044:140715434071376], txn-recover: [WT_VERB_RECOVERY_PROGRESS] Recovering log 1 through 2"}}
{"t":{"$date":"2021-08-08T16:43:50.693-05:00"},"s":"I",  "c":"STORAGE",  "id":22430,   "ctx":"initandlisten","msg":"WiredTiger message","attr":{"message":"[1628459030:693801][18044:140715434071376], txn-recover: [WT_VERB_RECOVERY_PROGRESS] Recovering log 2 through 2"}}
{"t":{"$date":"2021-08-08T16:43:50.724-05:00"},"s":"I",  "c":"STORAGE",  "id":22430,   "ctx":"initandlisten","msg":"WiredTiger message","attr":{"message":"[1628459030:723807][18044:140715434071376], txn-recover: [WT_VERB_RECOVERY | WT_VERB_RECOVERY_PROGRESS] Set global recovery timestamp: (0, 0)"}}
{"t":{"$date":"2021-08-08T16:43:50.724-05:00"},"s":"I",  "c":"STORAGE",  "id":22430,   "ctx":"initandlisten","msg":"WiredTiger message","attr":{"message":"[1628459030:723807][18044:140715434071376], txn-recover: [WT_VERB_RECOVERY | WT_VERB_RECOVERY_PROGRESS] Set global oldest timestamp: (0, 0)"}}
{"t":{"$date":"2021-08-08T16:43:50.724-05:00"},"s":"I",  "c":"STORAGE",  "id":22430,   "ctx":"initandlisten","msg":"WiredTiger message","attr":{"message":"[1628459030:724808][18044:140715434071376], WT_SESSION.checkpoint: [WT_VERB_CHECKPOINT_PROGRESS] saving checkpoint snapshot min: 1, snapshot max: 1 snapshot count: 0, oldest timestamp: (0, 0) , meta checkpoint timestamp: (0, 0)"}}
{"t":{"$date":"2021-08-08T16:43:50.731-05:00"},"s":"I",  "c":"STORAGE",  "id":4795906, "ctx":"initandlisten","msg":"WiredTiger opened","attr":{"durationMillis":235}}
{"t":{"$date":"2021-08-08T16:43:50.731-05:00"},"s":"I",  "c":"RECOVERY", "id":23987,   "ctx":"initandlisten","msg":"WiredTiger recoveryTimestamp","attr":{"recoveryTimestamp":{"$timestamp":{"t":0,"i":0}}}}
{"t":{"$date":"2021-08-08T16:43:50.732-05:00"},"s":"I",  "c":"STORAGE",  "id":4366408, "ctx":"initandlisten","msg":"No table logging settings modifications are required for existing WiredTiger tables","attr":{"loggingEnabled":true}}
{"t":{"$date":"2021-08-08T16:43:50.732-05:00"},"s":"I",  "c":"STORAGE",  "id":22262,   "ctx":"initandlisten","msg":"Timestamp monitor starting"}
{"t":{"$date":"2021-08-08T16:43:50.735-05:00"},"s":"W",  "c":"CONTROL",  "id":22120,   "ctx":"initandlisten","msg":"Access control is not enabled for the database. Read and write access to data and configuration is unrestricted","tags":["startupWarnings"]}
{"t":{"$date":"2021-08-08T16:43:50.735-05:00"},"s":"W",  "c":"CONTROL",  "id":22140,   "ctx":"initandlisten","msg":"This server is bound to localhost. Remote systems will be unable to connect to this server. Start the server with --bind_ip <address> to specify which IP addresses it should serve responses from, or with --bind_ip_all to bind to all interfaces. If this behavior is desired, start the server with --bind_ip 127.0.0.1 to disable this warning","tags":["startupWarnings"]}
{"t":{"$date":"2021-08-08T16:43:50.736-05:00"},"s":"I",  "c":"NETWORK",  "id":4915702, "ctx":"initandlisten","msg":"Updated wire specification","attr":{"oldSpec":{"incomingExternalClient":{"minWireVersion":0,"maxWireVersion":13},"incomingInternalClient":{"minWireVersion":0,"maxWireVersion":13},"outgoing":{"minWireVersion":0,"maxWireVersion":13},"isInternalClient":true},"newSpec":{"incomingExternalClient":{"minWireVersion":0,"maxWireVersion":13},"incomingInternalClient":{"minWireVersion":13,"maxWireVersion":13},"outgoing":{"minWireVersion":13,"maxWireVersion":13},"isInternalClient":true}}}
{"t":{"$date":"2021-08-08T16:43:50.738-05:00"},"s":"I",  "c":"STORAGE",  "id":5071100, "ctx":"initandlisten","msg":"Clearing temp directory"}
{"t":{"$date":"2021-08-08T16:43:50.738-05:00"},"s":"I",  "c":"CONTROL",  "id":20536,   "ctx":"initandlisten","msg":"Flow Control is enabled on this deployment"}
{"t":{"$date":"2021-08-08T16:43:50.842-05:00"},"s":"I",  "c":"FTDC",     "id":20625,   "ctx":"initandlisten","msg":"Initializing full-time diagnostic data capture","attr":{"dataDirectory":"mongo/astrondb/diagnostic.data"}}
{"t":{"$date":"2021-08-08T16:43:50.844-05:00"},"s":"I",  "c":"NETWORK",  "id":23015,   "ctx":"listener","msg":"Listening on","attr":{"address":"127.0.0.1"}}
{"t":{"$date":"2021-08-08T16:43:50.844-05:00"},"s":"I",  "c":"NETWORK",  "id":23016,   "ctx":"listener","msg":"Waiting for connections","attr":{"port":27017,"ssl":"off"}}
{"t":{"$date":"2021-08-08T16:43:51.360-05:00"},"s":"I",  "c":"CONTROL",  "id":23373,   "ctx":"thread41","msg":"CTRL_CLOSE_EVENT signal"}
{"t":{"$date":"2021-08-08T16:43:51.360-05:00"},"s":"I",  "c":"CONTROL",  "id":23371,   "ctx":"consoleTerminate","msg":"Received event, will terminate after current command ends","attr":{"controlCode":"CTRL_CLOSE_EVENT"}}
{"t":{"$date":"2021-08-08T16:43:51.360-05:00"},"s":"I",  "c":"REPL",     "id":4784900, "ctx":"consoleTerminate","msg":"Stepping down the ReplicationCoordinator for shutdown","attr":{"waitTimeMillis":15000}}
{"t":{"$date":"2021-08-08T16:43:51.360-05:00"},"s":"I",  "c":"REPL",     "id":4794602, "ctx":"consoleTerminate","msg":"Attempting to enter quiesce mode"}
{"t":{"$date":"2021-08-08T16:43:51.360-05:00"},"s":"I",  "c":"COMMAND",  "id":4784901, "ctx":"consoleTerminate","msg":"Shutting down the MirrorMaestro"}
{"t":{"$date":"2021-08-08T16:43:51.360-05:00"},"s":"I",  "c":"SHARDING", "id":4784902, "ctx":"consoleTerminate","msg":"Shutting down the WaitForMajorityService"}
{"t":{"$date":"2021-08-08T16:43:51.361-05:00"},"s":"I",  "c":"CONTROL",  "id":4784903, "ctx":"consoleTerminate","msg":"Shutting down the LogicalSessionCache"}
{"t":{"$date":"2021-08-08T16:43:51.361-05:00"},"s":"I",  "c":"NETWORK",  "id":20562,   "ctx":"consoleTerminate","msg":"Shutdown: going to close listening sockets"}
{"t":{"$date":"2021-08-08T16:43:51.361-05:00"},"s":"I",  "c":"NETWORK",  "id":4784905, "ctx":"consoleTerminate","msg":"Shutting down the global connection pool"}
{"t":{"$date":"2021-08-08T16:43:51.361-05:00"},"s":"I",  "c":"CONTROL",  "id":4784906, "ctx":"consoleTerminate","msg":"Shutting down the FlowControlTicketholder"}
{"t":{"$date":"2021-08-08T16:43:51.361-05:00"},"s":"I",  "c":"-",        "id":20520,   "ctx":"consoleTerminate","msg":"Stopping further Flow Control ticket acquisitions."}
{"t":{"$date":"2021-08-08T16:43:51.361-05:00"},"s":"I",  "c":"CONTROL",  "id":4784908, "ctx":"consoleTerminate","msg":"Shutting down the PeriodicThreadToAbortExpiredTransactions"}
{"t":{"$date":"2021-08-08T16:43:51.361-05:00"},"s":"I",  "c":"REPL",     "id":4784909, "ctx":"consoleTerminate","msg":"Shutting down the ReplicationCoordinator"}
{"t":{"$date":"2021-08-08T16:43:51.361-05:00"},"s":"I",  "c":"SHARDING", "id":4784910, "ctx":"consoleTerminate","msg":"Shutting down the ShardingInitializationMongoD"}
{"t":{"$date":"2021-08-08T16:43:51.361-05:00"},"s":"I",  "c":"REPL",     "id":4784911, "ctx":"consoleTerminate","msg":"Enqueuing the ReplicationStateTransitionLock for shutdown"}
{"t":{"$date":"2021-08-08T16:43:51.361-05:00"},"s":"I",  "c":"-",        "id":4784912, "ctx":"consoleTerminate","msg":"Killing all operations for shutdown"}
{"t":{"$date":"2021-08-08T16:43:51.361-05:00"},"s":"I",  "c":"-",        "id":4695300, "ctx":"consoleTerminate","msg":"Interrupted all currently running operations","attr":{"opsKilled":3}}
{"t":{"$date":"2021-08-08T16:43:51.361-05:00"},"s":"I",  "c":"TENANT_M", "id":5093807, "ctx":"consoleTerminate","msg":"Shutting down all TenantMigrationAccessBlockers on global shutdown"}
{"t":{"$date":"2021-08-08T16:43:51.361-05:00"},"s":"I",  "c":"COMMAND",  "id":4784913, "ctx":"consoleTerminate","msg":"Shutting down all open transactions"}
{"t":{"$date":"2021-08-08T16:43:51.361-05:00"},"s":"I",  "c":"REPL",     "id":4784914, "ctx":"consoleTerminate","msg":"Acquiring the ReplicationStateTransitionLock for shutdown"}
{"t":{"$date":"2021-08-08T16:43:51.361-05:00"},"s":"I",  "c":"INDEX",    "id":4784915, "ctx":"consoleTerminate","msg":"Shutting down the IndexBuildsCoordinator"}
{"t":{"$date":"2021-08-08T16:43:51.361-05:00"},"s":"I",  "c":"REPL",     "id":4784916, "ctx":"consoleTerminate","msg":"Reacquiring the ReplicationStateTransitionLock for shutdown"}
{"t":{"$date":"2021-08-08T16:43:51.361-05:00"},"s":"I",  "c":"REPL",     "id":4784917, "ctx":"consoleTerminate","msg":"Attempting to mark clean shutdown"}
{"t":{"$date":"2021-08-08T16:43:51.361-05:00"},"s":"I",  "c":"NETWORK",  "id":4784918, "ctx":"consoleTerminate","msg":"Shutting down the ReplicaSetMonitor"}
{"t":{"$date":"2021-08-08T16:43:51.361-05:00"},"s":"I",  "c":"SHARDING", "id":4784921, "ctx":"consoleTerminate","msg":"Shutting down the MigrationUtilExecutor"}
{"t":{"$date":"2021-08-08T16:43:51.361-05:00"},"s":"I",  "c":"ASIO",     "id":22582,   "ctx":"MigrationUtil-TaskExecutor","msg":"Killing all outstanding egress activity."}
{"t":{"$date":"2021-08-08T16:43:51.361-05:00"},"s":"I",  "c":"COMMAND",  "id":4784923, "ctx":"consoleTerminate","msg":"Shutting down the ServiceEntryPoint"}
{"t":{"$date":"2021-08-08T16:43:51.361-05:00"},"s":"I",  "c":"CONTROL",  "id":4784925, "ctx":"consoleTerminate","msg":"Shutting down free monitoring"}
{"t":{"$date":"2021-08-08T16:43:51.361-05:00"},"s":"I",  "c":"CONTROL",  "id":20609,   "ctx":"consoleTerminate","msg":"Shutting down free monitoring"}
{"t":{"$date":"2021-08-08T16:43:51.361-05:00"},"s":"I",  "c":"CONTROL",  "id":4784927, "ctx":"consoleTerminate","msg":"Shutting down the HealthLog"}
{"t":{"$date":"2021-08-08T16:43:51.361-05:00"},"s":"I",  "c":"CONTROL",  "id":4784928, "ctx":"consoleTerminate","msg":"Shutting down the TTL monitor"}
{"t":{"$date":"2021-08-08T16:43:51.361-05:00"},"s":"I",  "c":"INDEX",    "id":3684100, "ctx":"consoleTerminate","msg":"Shutting down TTL collection monitor thread"}
{"t":{"$date":"2021-08-08T16:43:51.361-05:00"},"s":"I",  "c":"INDEX",    "id":3684101, "ctx":"consoleTerminate","msg":"Finished shutting down TTL collection monitor thread"}
{"t":{"$date":"2021-08-08T16:43:51.361-05:00"},"s":"I",  "c":"CONTROL",  "id":4784929, "ctx":"consoleTerminate","msg":"Acquiring the global lock for shutdown"}
{"t":{"$date":"2021-08-08T16:43:51.361-05:00"},"s":"I",  "c":"CONTROL",  "id":4784930, "ctx":"consoleTerminate","msg":"Shutting down the storage engine"}
{"t":{"$date":"2021-08-08T16:43:51.361-05:00"},"s":"I",  "c":"STORAGE",  "id":22320,   "ctx":"consoleTerminate","msg":"Shutting down journal flusher thread"}
{"t":{"$date":"2021-08-08T16:43:51.361-05:00"},"s":"I",  "c":"STORAGE",  "id":22321,   "ctx":"consoleTerminate","msg":"Finished shutting down journal flusher thread"}
{"t":{"$date":"2021-08-08T16:43:51.361-05:00"},"s":"I",  "c":"STORAGE",  "id":22322,   "ctx":"consoleTerminate","msg":"Shutting down checkpoint thread"}
{"t":{"$date":"2021-08-08T16:43:51.361-05:00"},"s":"I",  "c":"STORAGE",  "id":22323,   "ctx":"consoleTerminate","msg":"Finished shutting down checkpoint thread"}
{"t":{"$date":"2021-08-08T16:43:51.361-05:00"},"s":"I",  "c":"STORAGE",  "id":20282,   "ctx":"consoleTerminate","msg":"Deregistering all the collections"}
{"t":{"$date":"2021-08-08T16:43:51.362-05:00"},"s":"I",  "c":"STORAGE",  "id":22261,   "ctx":"consoleTerminate","msg":"Timestamp monitor shutting down"}
{"t":{"$date":"2021-08-08T16:43:51.362-05:00"},"s":"I",  "c":"STORAGE",  "id":22317,   "ctx":"consoleTerminate","msg":"WiredTigerKVEngine shutting down"}
{"t":{"$date":"2021-08-08T16:43:51.364-05:00"},"s":"I",  "c":"STORAGE",  "id":22318,   "ctx":"consoleTerminate","msg":"Shutting down session sweeper thread"}
{"t":{"$date":"2021-08-08T16:43:51.364-05:00"},"s":"I",  "c":"STORAGE",  "id":22319,   "ctx":"consoleTerminate","msg":"Finished shutting down session sweeper thread"}
{"t":{"$date":"2021-08-08T16:43:51.364-05:00"},"s":"I",  "c":"STORAGE",  "id":4795902, "ctx":"consoleTerminate","msg":"Closing WiredTiger","attr":{"closeConfig":"leak_memory=true,"}}
{"t":{"$date":"2021-08-08T16:43:51.365-05:00"},"s":"I",  "c":"STORAGE",  "id":22430,   "ctx":"consoleTerminate","msg":"WiredTiger message","attr":{"message":"[1628459031:364626][18044:140715434071376], close_ckpt: [WT_VERB_CHECKPOINT_PROGRESS] saving checkpoint snapshot min: 4, snapshot max: 4 snapshot count: 0, oldest timestamp: (0, 0) , meta checkpoint timestamp: (0, 0)"}}
{"t":{"$date":"2021-08-08T16:43:51.387-05:00"},"s":"I",  "c":"STORAGE",  "id":4795901, "ctx":"consoleTerminate","msg":"WiredTiger closed","attr":{"durationMillis":23}}
{"t":{"$date":"2021-08-08T16:43:51.387-05:00"},"s":"I",  "c":"STORAGE",  "id":22281,   "ctx":"consoleTerminate","msg":"shutdown: removing fs lock..."}
{"t":{"$date":"2021-08-08T16:43:51.387-05:00"},"s":"I",  "c":"-",        "id":4784931, "ctx":"consoleTerminate","msg":"Dropping the scope cache for shutdown"}
{"t":{"$date":"2021-08-08T16:43:51.387-05:00"},"s":"I",  "c":"FTDC",     "id":4784926, "ctx":"consoleTerminate","msg":"Shutting down full-time data capture"}
{"t":{"$date":"2021-08-08T16:43:51.387-05:00"},"s":"I",  "c":"FTDC",     "id":20626,   "ctx":"consoleTerminate","msg":"Shutting down full-time diagnostic data capture"}
{"t":{"$date":"2021-08-08T16:43:51.390-05:00"},"s":"I",  "c":"CONTROL",  "id":20565,   "ctx":"consoleTerminate","msg":"Now exiting"}
{"t":{"$date":"2021-08-08T16:43:51.390-05:00"},"s":"I",  "c":"CONTROL",  "id":23138,   "ctx":"consoleTerminate","msg":"Shutting down","attr":{"exitCode":12}}
